2016-12-02 15:00:00 WARN 2016-12-02 00:00:00:作业开始 -----> schedule.SchedulerLauncher.launch(SchedulerLauncher.java:30) SchedulerLauncher.java  
2016-12-02 15:00:00 WARN :病人基本信息作业开始 -----> schedule.SchedulerLauncher.launch(SchedulerLauncher.java:31) SchedulerLauncher.java  
2016-12-02 15:00:59 WARN :病人基本信息作业完毕 -----> schedule.SchedulerLauncher.launch(SchedulerLauncher.java:33) SchedulerLauncher.java  
2016-12-02 15:00:59 WARN :治疗评估记录作业开始 -----> schedule.SchedulerLauncher.launch(SchedulerLauncher.java:75) SchedulerLauncher.java  
2016-12-02 15:01:01 WARN :治疗评估记录作业完毕 -----> schedule.SchedulerLauncher.launch(SchedulerLauncher.java:77) SchedulerLauncher.java  
2016-12-02 15:01:01 WARN 2016-12-02 00:00:00:作业完毕 -----> schedule.SchedulerLauncher.launch(SchedulerLauncher.java:80) SchedulerLauncher.java  
2016-12-02 15:24:47 WARN 2016-12-02 00:00:00:作业开始 -----> schedule.SchedulerLauncher.launch(SchedulerLauncher.java:48) SchedulerLauncher.java  
2016-12-02 15:24:47 WARN :治疗评估记录作业开始 -----> schedule.SchedulerLauncher.launch(SchedulerLauncher.java:94) SchedulerLauncher.java  
2016-12-02 15:24:51 WARN :治疗评估记录作业完毕 -----> schedule.SchedulerLauncher.launch(SchedulerLauncher.java:96) SchedulerLauncher.java  
2016-12-02 15:24:51 WARN 2016-12-02 00:00:00:作业完毕 -----> schedule.SchedulerLauncher.launch(SchedulerLauncher.java:99) SchedulerLauncher.java  
2016-12-02 16:40:08 WARN 2016-12-02 00:00:00:作业开始 -----> schedule.SchedulerLauncher.launch(SchedulerLauncher.java:48) SchedulerLauncher.java  
2016-12-02 16:40:08 WARN :治疗评估记录作业开始 -----> schedule.SchedulerLauncher.launch(SchedulerLauncher.java:94) SchedulerLauncher.java  
2016-12-02 16:40:36 WARN :治疗评估记录作业完毕 -----> schedule.SchedulerLauncher.launch(SchedulerLauncher.java:96) SchedulerLauncher.java  
2016-12-02 16:40:36 WARN 2016-12-02 00:00:00:作业完毕 -----> schedule.SchedulerLauncher.launch(SchedulerLauncher.java:99) SchedulerLauncher.java  
2016-12-02 16:57:06 WARN 2016-12-02 00:00:00:作业开始 -----> schedule.SchedulerLauncher.launch(SchedulerLauncher.java:48) SchedulerLauncher.java  
2016-12-02 16:57:06 WARN :治疗评估记录作业开始 -----> schedule.SchedulerLauncher.launch(SchedulerLauncher.java:94) SchedulerLauncher.java  
2016-12-02 16:57:34 WARN :治疗评估记录作业完毕 -----> schedule.SchedulerLauncher.launch(SchedulerLauncher.java:96) SchedulerLauncher.java  
2016-12-02 16:57:34 WARN 2016-12-02 00:00:00:作业完毕 -----> schedule.SchedulerLauncher.launch(SchedulerLauncher.java:99) SchedulerLauncher.java  
2016-12-02 16:58:06 WARN 2016-12-02 00:00:00:作业开始 -----> schedule.SchedulerLauncher.launch(SchedulerLauncher.java:48) SchedulerLauncher.java  
2016-12-02 16:58:06 WARN :治疗评估记录作业开始 -----> schedule.SchedulerLauncher.launch(SchedulerLauncher.java:94) SchedulerLauncher.java  
2016-12-02 16:58:34 WARN :治疗评估记录作业完毕 -----> schedule.SchedulerLauncher.launch(SchedulerLauncher.java:96) SchedulerLauncher.java  
2016-12-02 16:58:34 WARN 2016-12-02 00:00:00:作业完毕 -----> schedule.SchedulerLauncher.launch(SchedulerLauncher.java:99) SchedulerLauncher.java  
