2017-01-18 11:06:59 WARN 相应时间段的手术信息已清空 -----> tool.db.DeleteForFixAfterException.deleteBetweenLastAndCuDateFromAllTable(DeleteForFixAfterException.java:126) DeleteForFixAfterException.java  
2017-01-18 11:07:01 WARN 相应时间段的麻醉信息已清空 -----> tool.db.DeleteForFixAfterException.deleteBetweenLastAndCuDateFromAllTable(DeleteForFixAfterException.java:140) DeleteForFixAfterException.java  
2017-01-18 11:07:01 WARN 清空完毕 -----> tool.db.DeleteForFixAfterException.deleteBetweenLastAndCuDateFromAllTable(DeleteForFixAfterException.java:142) DeleteForFixAfterException.java  
2017-01-18 11:07:01 WARN [ 1900-1-1 00:00:00 - 2017-01-18 00:00:00 ) :手术主记录作业开始 -----> schedulerLauncher.allJob.SchedulerLauncher.launch(SchedulerLauncher.java:158) SchedulerLauncher.java  
2017-01-18 11:07:05 WARN opRecordStep : 累计读取 50 条记录,跳过  0 条记录,写入  50 条记录 -----> listener.MyChunkListener.afterChunk(MyChunkListener.java:20) MyChunkListener.java  
2017-01-18 11:07:05 WARN opRecordStep : 累计读取 100 条记录,跳过  0 条记录,写入  100 条记录 -----> listener.MyChunkListener.afterChunk(MyChunkListener.java:20) MyChunkListener.java  
2017-01-18 11:07:05 WARN opRecordStep : 累计读取 150 条记录,跳过  0 条记录,写入  150 条记录 -----> listener.MyChunkListener.afterChunk(MyChunkListener.java:20) MyChunkListener.java  
2017-01-18 11:07:05 WARN opRecordStep : 累计读取 200 条记录,跳过  0 条记录,写入  200 条记录 -----> listener.MyChunkListener.afterChunk(MyChunkListener.java:20) MyChunkListener.java  
2017-01-18 11:07:05 WARN opRecordStep : 累计读取 250 条记录,跳过  0 条记录,写入  250 条记录 -----> listener.MyChunkListener.afterChunk(MyChunkListener.java:20) MyChunkListener.java  
2017-01-18 11:07:06 WARN opRecordStep : 累计读取 300 条记录,跳过  0 条记录,写入  300 条记录 -----> listener.MyChunkListener.afterChunk(MyChunkListener.java:20) MyChunkListener.java  
2017-01-18 11:07:06 WARN opRecordStep : 累计读取 350 条记录,跳过  0 条记录,写入  350 条记录 -----> listener.MyChunkListener.afterChunk(MyChunkListener.java:20) MyChunkListener.java  
2017-01-18 11:07:06 WARN opRecordStep : 累计读取 400 条记录,跳过  0 条记录,写入  400 条记录 -----> listener.MyChunkListener.afterChunk(MyChunkListener.java:20) MyChunkListener.java  
2017-01-18 11:07:06 WARN opRecordStep : 累计读取 450 条记录,跳过  0 条记录,写入  450 条记录 -----> listener.MyChunkListener.afterChunk(MyChunkListener.java:20) MyChunkListener.java  
2017-01-18 11:07:06 WARN opRecordStep : 累计读取 500 条记录,跳过  0 条记录,写入  500 条记录 -----> listener.MyChunkListener.afterChunk(MyChunkListener.java:20) MyChunkListener.java  
2017-01-18 11:07:06 WARN opRecordStep : 累计读取 550 条记录,跳过  0 条记录,写入  550 条记录 -----> listener.MyChunkListener.afterChunk(MyChunkListener.java:20) MyChunkListener.java  
2017-01-18 11:07:06 WARN opRecordStep : 累计读取 600 条记录,跳过  0 条记录,写入  600 条记录 -----> listener.MyChunkListener.afterChunk(MyChunkListener.java:20) MyChunkListener.java  
2017-01-18 11:07:07 WARN opRecordStep : 累计读取 650 条记录,跳过  0 条记录,写入  650 条记录 -----> listener.MyChunkListener.afterChunk(MyChunkListener.java:20) MyChunkListener.java  
2017-01-18 11:07:07 WARN opRecordStep : 累计读取 700 条记录,跳过  0 条记录,写入  700 条记录 -----> listener.MyChunkListener.afterChunk(MyChunkListener.java:20) MyChunkListener.java  
2017-01-18 11:07:07 WARN opRecordStep : 累计读取 750 条记录,跳过  0 条记录,写入  750 条记录 -----> listener.MyChunkListener.afterChunk(MyChunkListener.java:20) MyChunkListener.java  
2017-01-18 11:07:07 WARN opRecordStep : 累计读取 773 条记录,跳过  0 条记录,写入  773 条记录 -----> listener.MyChunkListener.afterChunk(MyChunkListener.java:20) MyChunkListener.java  
2017-01-18 11:07:07 WARN [ 1900-1-1 00:00:00 - 2017-01-18 00:00:00 ) :手术主记录作业完毕 -----> schedulerLauncher.allJob.SchedulerLauncher.launch(SchedulerLauncher.java:160) SchedulerLauncher.java  
2017-01-18 11:07:07 WARN [ 1900-1-1 00:00:00 - 2017-01-18 00:00:00 ) :手术操作记录作业开始 -----> schedulerLauncher.allJob.SchedulerLauncher.launch(SchedulerLauncher.java:166) SchedulerLauncher.java  
2017-01-18 11:07:08 WARN opOperationStep : 累计读取 0 条记录,跳过  0 条记录,写入  0 条记录 -----> listener.MyChunkListener.afterChunk(MyChunkListener.java:20) MyChunkListener.java  
2017-01-18 11:07:09 WARN [ 1900-1-1 00:00:00 - 2017-01-18 00:00:00 ) :手术操作记录作业完毕 -----> schedulerLauncher.allJob.SchedulerLauncher.launch(SchedulerLauncher.java:168) SchedulerLauncher.java  
2017-01-18 11:07:09 WARN [ 1900-1-1 00:00:00 - 2017-01-18 00:00:00 ) :手术材料使用记录作业开始 -----> schedulerLauncher.allJob.SchedulerLauncher.launch(SchedulerLauncher.java:174) SchedulerLauncher.java  
2017-01-18 11:07:11 WARN opMaterialStep : 累计读取 50 条记录,跳过  0 条记录,写入  50 条记录 -----> listener.MyChunkListener.afterChunk(MyChunkListener.java:20) MyChunkListener.java  
2017-01-18 11:07:11 WARN opMaterialStep : 累计读取 94 条记录,跳过  0 条记录,写入  94 条记录 -----> listener.MyChunkListener.afterChunk(MyChunkListener.java:20) MyChunkListener.java  
2017-01-18 11:07:11 WARN [ 1900-1-1 00:00:00 - 2017-01-18 00:00:00 ) :手术材料使用记录作业完毕 -----> schedulerLauncher.allJob.SchedulerLauncher.launch(SchedulerLauncher.java:176) SchedulerLauncher.java  
2017-01-18 11:07:11 WARN [ 1900-1-1 00:00:00 - 2017-01-18 00:00:00 ) :麻醉记录作业开始 -----> schedulerLauncher.allJob.SchedulerLauncher.launch(SchedulerLauncher.java:182) SchedulerLauncher.java  
2017-01-18 11:07:13 WARN anesthesiaRecordStep : 累计读取 500 条记录,跳过  0 条记录,写入  500 条记录 -----> listener.MyChunkListener.afterChunk(MyChunkListener.java:20) MyChunkListener.java  
2017-01-18 11:07:13 WARN anesthesiaRecordStep : 累计读取 1000 条记录,跳过  0 条记录,写入  1000 条记录 -----> listener.MyChunkListener.afterChunk(MyChunkListener.java:20) MyChunkListener.java  
2017-01-18 11:07:13 WARN anesthesiaRecordStep : 累计读取 1500 条记录,跳过  0 条记录,写入  1500 条记录 -----> listener.MyChunkListener.afterChunk(MyChunkListener.java:20) MyChunkListener.java  
2017-01-18 11:07:13 WARN anesthesiaRecordStep : 累计读取 2000 条记录,跳过  0 条记录,写入  2000 条记录 -----> listener.MyChunkListener.afterChunk(MyChunkListener.java:20) MyChunkListener.java  
2017-01-18 11:07:14 WARN anesthesiaRecordStep : 累计读取 2500 条记录,跳过  0 条记录,写入  2500 条记录 -----> listener.MyChunkListener.afterChunk(MyChunkListener.java:20) MyChunkListener.java  
2017-01-18 11:07:14 WARN anesthesiaRecordStep : 累计读取 3000 条记录,跳过  0 条记录,写入  3000 条记录 -----> listener.MyChunkListener.afterChunk(MyChunkListener.java:20) MyChunkListener.java  
2017-01-18 11:07:14 WARN anesthesiaRecordStep : 累计读取 3500 条记录,跳过  0 条记录,写入  3500 条记录 -----> listener.MyChunkListener.afterChunk(MyChunkListener.java:20) MyChunkListener.java  
2017-01-18 11:07:15 WARN anesthesiaRecordStep : 累计读取 4000 条记录,跳过  0 条记录,写入  4000 条记录 -----> listener.MyChunkListener.afterChunk(MyChunkListener.java:20) MyChunkListener.java  
2017-01-18 11:07:15 WARN anesthesiaRecordStep : 累计读取 4500 条记录,跳过  0 条记录,写入  4500 条记录 -----> listener.MyChunkListener.afterChunk(MyChunkListener.java:20) MyChunkListener.java  
2017-01-18 11:07:15 WARN anesthesiaRecordStep : 累计读取 5000 条记录,跳过  0 条记录,写入  5000 条记录 -----> listener.MyChunkListener.afterChunk(MyChunkListener.java:20) MyChunkListener.java  
2017-01-18 11:07:15 WARN anesthesiaRecordStep : 累计读取 5500 条记录,跳过  0 条记录,写入  5500 条记录 -----> listener.MyChunkListener.afterChunk(MyChunkListener.java:20) MyChunkListener.java  
2017-01-18 11:07:16 WARN anesthesiaRecordStep : 累计读取 6000 条记录,跳过  0 条记录,写入  6000 条记录 -----> listener.MyChunkListener.afterChunk(MyChunkListener.java:20) MyChunkListener.java  
2017-01-18 11:07:16 WARN anesthesiaRecordStep : 累计读取 6500 条记录,跳过  0 条记录,写入  6500 条记录 -----> listener.MyChunkListener.afterChunk(MyChunkListener.java:20) MyChunkListener.java  
2017-01-18 11:07:16 WARN anesthesiaRecordStep : 累计读取 7000 条记录,跳过  0 条记录,写入  7000 条记录 -----> listener.MyChunkListener.afterChunk(MyChunkListener.java:20) MyChunkListener.java  
2017-01-18 11:07:17 WARN anesthesiaRecordStep : 累计读取 7500 条记录,跳过  0 条记录,写入  7500 条记录 -----> listener.MyChunkListener.afterChunk(MyChunkListener.java:20) MyChunkListener.java  
2017-01-18 11:07:17 WARN anesthesiaRecordStep : 累计读取 8000 条记录,跳过  0 条记录,写入  8000 条记录 -----> listener.MyChunkListener.afterChunk(MyChunkListener.java:20) MyChunkListener.java  
2017-01-18 11:07:17 WARN anesthesiaRecordStep : 累计读取 8500 条记录,跳过  0 条记录,写入  8500 条记录 -----> listener.MyChunkListener.afterChunk(MyChunkListener.java:20) MyChunkListener.java  
2017-01-18 11:07:17 WARN anesthesiaRecordStep : 累计读取 9000 条记录,跳过  0 条记录,写入  9000 条记录 -----> listener.MyChunkListener.afterChunk(MyChunkListener.java:20) MyChunkListener.java  
2017-01-18 11:07:18 WARN anesthesiaRecordStep : 累计读取 9431 条记录,跳过  0 条记录,写入  9431 条记录 -----> listener.MyChunkListener.afterChunk(MyChunkListener.java:20) MyChunkListener.java  
2017-01-18 11:07:18 WARN [ 1900-1-1 00:00:00 - 2017-01-18 00:00:00 ) :麻醉记录作业完毕 -----> schedulerLauncher.allJob.SchedulerLauncher.launch(SchedulerLauncher.java:184) SchedulerLauncher.java  
2017-01-18 11:07:18 WARN [ 1900-1-1 00:00:00 - 2017-01-18 00:00:00 ) :麻醉药物使用记录作业开始 -----> schedulerLauncher.allJob.SchedulerLauncher.launch(SchedulerLauncher.java:190) SchedulerLauncher.java  
2017-01-18 11:07:20 WARN anaestheticStep : 累计读取 5000 条记录,跳过  0 条记录,写入  5000 条记录 -----> listener.MyChunkListener.afterChunk(MyChunkListener.java:20) MyChunkListener.java  
2017-01-18 11:07:21 WARN anaestheticStep : 累计读取 10000 条记录,跳过  0 条记录,写入  10000 条记录 -----> listener.MyChunkListener.afterChunk(MyChunkListener.java:20) MyChunkListener.java  
2017-01-18 11:07:22 WARN anaestheticStep : 累计读取 15000 条记录,跳过  0 条记录,写入  15000 条记录 -----> listener.MyChunkListener.afterChunk(MyChunkListener.java:20) MyChunkListener.java  
2017-01-18 11:07:23 WARN anaestheticStep : 累计读取 20000 条记录,跳过  0 条记录,写入  20000 条记录 -----> listener.MyChunkListener.afterChunk(MyChunkListener.java:20) MyChunkListener.java  
2017-01-18 11:07:25 WARN anaestheticStep : 累计读取 25000 条记录,跳过  0 条记录,写入  25000 条记录 -----> listener.MyChunkListener.afterChunk(MyChunkListener.java:20) MyChunkListener.java  
2017-01-18 11:07:26 WARN anaestheticStep : 累计读取 30000 条记录,跳过  0 条记录,写入  30000 条记录 -----> listener.MyChunkListener.afterChunk(MyChunkListener.java:20) MyChunkListener.java  
2017-01-18 11:07:31 WARN anaestheticStep : 累计读取 35000 条记录,跳过  0 条记录,写入  35000 条记录 -----> listener.MyChunkListener.afterChunk(MyChunkListener.java:20) MyChunkListener.java  
2017-01-18 11:07:32 WARN anaestheticStep : 累计读取 40000 条记录,跳过  0 条记录,写入  40000 条记录 -----> listener.MyChunkListener.afterChunk(MyChunkListener.java:20) MyChunkListener.java  
2017-01-18 11:07:34 WARN anaestheticStep : 累计读取 45000 条记录,跳过  0 条记录,写入  45000 条记录 -----> listener.MyChunkListener.afterChunk(MyChunkListener.java:20) MyChunkListener.java  
2017-01-18 11:07:35 WARN anaestheticStep : 累计读取 50000 条记录,跳过  0 条记录,写入  50000 条记录 -----> listener.MyChunkListener.afterChunk(MyChunkListener.java:20) MyChunkListener.java  
2017-01-18 11:07:36 WARN anaestheticStep : 累计读取 55000 条记录,跳过  0 条记录,写入  55000 条记录 -----> listener.MyChunkListener.afterChunk(MyChunkListener.java:20) MyChunkListener.java  
2017-01-18 11:07:37 WARN anaestheticStep : 累计读取 60000 条记录,跳过  0 条记录,写入  60000 条记录 -----> listener.MyChunkListener.afterChunk(MyChunkListener.java:20) MyChunkListener.java  
2017-01-18 11:07:38 WARN anaestheticStep : 累计读取 65000 条记录,跳过  0 条记录,写入  65000 条记录 -----> listener.MyChunkListener.afterChunk(MyChunkListener.java:20) MyChunkListener.java  
2017-01-18 11:07:40 WARN anaestheticStep : 累计读取 70000 条记录,跳过  0 条记录,写入  70000 条记录 -----> listener.MyChunkListener.afterChunk(MyChunkListener.java:20) MyChunkListener.java  
2017-01-18 11:07:41 WARN anaestheticStep : 累计读取 75000 条记录,跳过  0 条记录,写入  75000 条记录 -----> listener.MyChunkListener.afterChunk(MyChunkListener.java:20) MyChunkListener.java  
2017-01-18 11:07:42 WARN anaestheticStep : 累计读取 77556 条记录,跳过  0 条记录,写入  77556 条记录 -----> listener.MyChunkListener.afterChunk(MyChunkListener.java:20) MyChunkListener.java  
2017-01-18 11:07:42 WARN [ 1900-1-1 00:00:00 - 2017-01-18 00:00:00 ) :麻醉药物使用记录作业完毕 -----> schedulerLauncher.allJob.SchedulerLauncher.launch(SchedulerLauncher.java:192) SchedulerLauncher.java  
2017-01-18 11:10:02 WARN 相应时间段的手术信息已清空 -----> tool.db.DeleteForFixAfterException.deleteBetweenLastAndCuDateFromAllTable(DeleteForFixAfterException.java:126) DeleteForFixAfterException.java  
2017-01-18 11:10:06 WARN 相应时间段的麻醉信息已清空 -----> tool.db.DeleteForFixAfterException.deleteBetweenLastAndCuDateFromAllTable(DeleteForFixAfterException.java:140) DeleteForFixAfterException.java  
2017-01-18 11:10:06 WARN 清空完毕 -----> tool.db.DeleteForFixAfterException.deleteBetweenLastAndCuDateFromAllTable(DeleteForFixAfterException.java:142) DeleteForFixAfterException.java  
2017-01-18 11:10:06 WARN [ 1900-1-1 00:00:00 - 2017-01-18 00:00:00 ) :手术主记录作业开始 -----> schedulerLauncher.allJob.SchedulerLauncher.launch(SchedulerLauncher.java:158) SchedulerLauncher.java  
2017-01-18 11:10:08 WARN opRecordStep : 累计读取 773 条记录,跳过  0 条记录,写入  773 条记录 -----> listener.MyChunkListener.afterChunk(MyChunkListener.java:20) MyChunkListener.java  
2017-01-18 11:10:09 WARN [ 1900-1-1 00:00:00 - 2017-01-18 00:00:00 ) :手术主记录作业完毕 -----> schedulerLauncher.allJob.SchedulerLauncher.launch(SchedulerLauncher.java:160) SchedulerLauncher.java  
2017-01-18 11:10:09 WARN [ 1900-1-1 00:00:00 - 2017-01-18 00:00:00 ) :手术操作记录作业开始 -----> schedulerLauncher.allJob.SchedulerLauncher.launch(SchedulerLauncher.java:166) SchedulerLauncher.java  
2017-01-18 11:10:10 WARN opOperationStep : 累计读取 0 条记录,跳过  0 条记录,写入  0 条记录 -----> listener.MyChunkListener.afterChunk(MyChunkListener.java:20) MyChunkListener.java  
2017-01-18 11:10:10 WARN [ 1900-1-1 00:00:00 - 2017-01-18 00:00:00 ) :手术操作记录作业完毕 -----> schedulerLauncher.allJob.SchedulerLauncher.launch(SchedulerLauncher.java:168) SchedulerLauncher.java  
2017-01-18 11:10:10 WARN [ 1900-1-1 00:00:00 - 2017-01-18 00:00:00 ) :手术材料使用记录作业开始 -----> schedulerLauncher.allJob.SchedulerLauncher.launch(SchedulerLauncher.java:174) SchedulerLauncher.java  
2017-01-18 11:10:11 WARN opMaterialStep : 累计读取 94 条记录,跳过  0 条记录,写入  94 条记录 -----> listener.MyChunkListener.afterChunk(MyChunkListener.java:20) MyChunkListener.java  
2017-01-18 11:10:11 WARN [ 1900-1-1 00:00:00 - 2017-01-18 00:00:00 ) :手术材料使用记录作业完毕 -----> schedulerLauncher.allJob.SchedulerLauncher.launch(SchedulerLauncher.java:176) SchedulerLauncher.java  
2017-01-18 11:10:11 WARN [ 1900-1-1 00:00:00 - 2017-01-18 00:00:00 ) :麻醉记录作业开始 -----> schedulerLauncher.allJob.SchedulerLauncher.launch(SchedulerLauncher.java:182) SchedulerLauncher.java  
2017-01-18 11:10:14 WARN anesthesiaRecordStep : 累计读取 5000 条记录,跳过  0 条记录,写入  5000 条记录 -----> listener.MyChunkListener.afterChunk(MyChunkListener.java:20) MyChunkListener.java  
2017-01-18 11:10:15 WARN anesthesiaRecordStep : 累计读取 9431 条记录,跳过  0 条记录,写入  9431 条记录 -----> listener.MyChunkListener.afterChunk(MyChunkListener.java:20) MyChunkListener.java  
2017-01-18 11:10:15 WARN [ 1900-1-1 00:00:00 - 2017-01-18 00:00:00 ) :麻醉记录作业完毕 -----> schedulerLauncher.allJob.SchedulerLauncher.launch(SchedulerLauncher.java:184) SchedulerLauncher.java  
2017-01-18 11:10:15 WARN [ 1900-1-1 00:00:00 - 2017-01-18 00:00:00 ) :麻醉药物使用记录作业开始 -----> schedulerLauncher.allJob.SchedulerLauncher.launch(SchedulerLauncher.java:190) SchedulerLauncher.java  
2017-01-18 11:10:17 WARN anaestheticStep : 累计读取 5000 条记录,跳过  0 条记录,写入  5000 条记录 -----> listener.MyChunkListener.afterChunk(MyChunkListener.java:20) MyChunkListener.java  
2017-01-18 11:10:18 WARN anaestheticStep : 累计读取 10000 条记录,跳过  0 条记录,写入  10000 条记录 -----> listener.MyChunkListener.afterChunk(MyChunkListener.java:20) MyChunkListener.java  
2017-01-18 11:10:20 WARN anaestheticStep : 累计读取 15000 条记录,跳过  0 条记录,写入  15000 条记录 -----> listener.MyChunkListener.afterChunk(MyChunkListener.java:20) MyChunkListener.java  
2017-01-18 11:10:21 WARN anaestheticStep : 累计读取 20000 条记录,跳过  0 条记录,写入  20000 条记录 -----> listener.MyChunkListener.afterChunk(MyChunkListener.java:20) MyChunkListener.java  
2017-01-18 11:10:22 WARN anaestheticStep : 累计读取 25000 条记录,跳过  0 条记录,写入  25000 条记录 -----> listener.MyChunkListener.afterChunk(MyChunkListener.java:20) MyChunkListener.java  
2017-01-18 11:10:23 WARN anaestheticStep : 累计读取 30000 条记录,跳过  0 条记录,写入  30000 条记录 -----> listener.MyChunkListener.afterChunk(MyChunkListener.java:20) MyChunkListener.java  
2017-01-18 11:10:24 WARN anaestheticStep : 累计读取 35000 条记录,跳过  0 条记录,写入  35000 条记录 -----> listener.MyChunkListener.afterChunk(MyChunkListener.java:20) MyChunkListener.java  
2017-01-18 11:10:25 WARN anaestheticStep : 累计读取 40000 条记录,跳过  0 条记录,写入  40000 条记录 -----> listener.MyChunkListener.afterChunk(MyChunkListener.java:20) MyChunkListener.java  
2017-01-18 11:10:27 WARN anaestheticStep : 累计读取 45000 条记录,跳过  0 条记录,写入  45000 条记录 -----> listener.MyChunkListener.afterChunk(MyChunkListener.java:20) MyChunkListener.java  
2017-01-18 11:10:28 WARN anaestheticStep : 累计读取 50000 条记录,跳过  0 条记录,写入  50000 条记录 -----> listener.MyChunkListener.afterChunk(MyChunkListener.java:20) MyChunkListener.java  
2017-01-18 11:10:29 WARN anaestheticStep : 累计读取 55000 条记录,跳过  0 条记录,写入  55000 条记录 -----> listener.MyChunkListener.afterChunk(MyChunkListener.java:20) MyChunkListener.java  
2017-01-18 11:10:30 WARN anaestheticStep : 累计读取 60000 条记录,跳过  0 条记录,写入  60000 条记录 -----> listener.MyChunkListener.afterChunk(MyChunkListener.java:20) MyChunkListener.java  
2017-01-18 11:10:31 WARN anaestheticStep : 累计读取 65000 条记录,跳过  0 条记录,写入  65000 条记录 -----> listener.MyChunkListener.afterChunk(MyChunkListener.java:20) MyChunkListener.java  
2017-01-18 11:10:33 WARN anaestheticStep : 累计读取 70000 条记录,跳过  0 条记录,写入  70000 条记录 -----> listener.MyChunkListener.afterChunk(MyChunkListener.java:20) MyChunkListener.java  
2017-01-18 11:10:34 WARN anaestheticStep : 累计读取 75000 条记录,跳过  0 条记录,写入  75000 条记录 -----> listener.MyChunkListener.afterChunk(MyChunkListener.java:20) MyChunkListener.java  
2017-01-18 11:10:35 WARN anaestheticStep : 累计读取 77556 条记录,跳过  0 条记录,写入  77556 条记录 -----> listener.MyChunkListener.afterChunk(MyChunkListener.java:20) MyChunkListener.java  
2017-01-18 11:10:35 WARN [ 1900-1-1 00:00:00 - 2017-01-18 00:00:00 ) :麻醉药物使用记录作业完毕 -----> schedulerLauncher.allJob.SchedulerLauncher.launch(SchedulerLauncher.java:192) SchedulerLauncher.java  
